\BOOKMARK [1][-]{section*.1}{\376\377\000A\000b\000s\000t\000r\000a\000c\000t}{}% 1
\BOOKMARK [1][-]{section*.3}{\376\377\000L\000i\000s\000t\000\040\000o\000f\000\040\000F\000i\000g\000u\000r\000e\000s}{}% 2
\BOOKMARK [1][-]{section*.4}{\376\377\000L\000i\000s\000t\000\040\000o\000f\000\040\000T\000a\000b\000l\000e\000s}{}% 3
\BOOKMARK [1][-]{section*.5}{\376\377\000L\000i\000s\000t\000\040\000o\000f\000\040\000A\000b\000b\000r\000e\000v\000i\000a\000t\000i\000o\000n\000s}{}% 4
\BOOKMARK [1][-]{section.1}{\376\377\000I\000n\000t\000r\000o\000d\000u\000c\000t\000i\000o\000n}{}% 5
\BOOKMARK [1][-]{section.2}{\376\377\000B\000a\000c\000k\000g\000r\000o\000u\000n\000d}{}% 6
\BOOKMARK [2][-]{subsection.2.1}{\376\377\000H\000e\000t\000e\000r\000o\000g\000e\000n\000e\000o\000u\000s\000\040\0001\000D\000\040\000M\000R\000A\000\040\000m\000o\000d\000e\000l}{section.2}% 7
\BOOKMARK [2][-]{subsection.2.2}{\376\377\000I\000n\000t\000r\000o\000d\000u\000c\000t\000i\000o\000n\000\040\000t\000o\000\040\000g\000r\000a\000p\000h\000s}{section.2}% 8
\BOOKMARK [1][-]{section.3}{\376\377\000A\000i\000m\000\040\0001\000\040\000T\000i\000t\000l\000e}{}% 9
\BOOKMARK [2][-]{subsection.3.1}{\376\377\000I\000n\000t\000r\000o\000d\000u\000c\000t\000i\000o\000n\000\040\000t\000o\000\040\000A\000i\000m\000\040\0001}{section.3}% 10
\BOOKMARK [2][-]{subsection.3.2}{\376\377\000B\000a\000c\000k\000g\000r\000o\000u\000n\000d\000\040\000t\000o\000\040\000A\000i\000m\000\040\0001}{section.3}% 11
\BOOKMARK [2][-]{subsection.3.3}{\376\377\000M\000e\000t\000h\000o\000d\000s}{section.3}% 12
\BOOKMARK [3][-]{subsubsection.3.3.1}{\376\377\000S\000o\000m\000e\000\040\000c\000r\000u\000c\000i\000a\000l\000\040\000d\000e\000t\000a\000i\000l\000s\000\040\000a\000b\000o\000u\000t\000\040\000t\000h\000e\000\040\000m\000e\000t\000h\000o\000d}{subsection.3.3}% 13
\BOOKMARK [3][-]{subsubsection.3.3.2}{\376\377\000C\000o\000n\000c\000e\000p\000t\000u\000a\000l\000\040\000m\000o\000d\000e\000l\000,\000\040\000r\000e\000s\000e\000a\000r\000c\000h\000\040\000q\000u\000e\000s\000t\000i\000o\000n\000s\000\040\000a\000n\000d\000\040\000h\000y\000p\000o\000t\000h\000e\000s\000e\000s}{subsection.3.3}% 14
\BOOKMARK [2][-]{subsection.3.4}{\376\377\000R\000e\000s\000u\000l\000t\000s\000\040\000o\000f\000\040\000A\000i\000m\000\040\0001}{section.3}% 15
\BOOKMARK [2][-]{subsection.3.5}{\376\377\000D\000i\000s\000c\000u\000s\000s\000i\000o\000n\000\040\000o\000f\000\040\000A\000i\000m\000\040\0001}{section.3}% 16
\BOOKMARK [2][-]{subsection.3.6}{\376\377\000C\000o\000n\000c\000l\000u\000s\000i\000o\000n\000\040\000o\000f\000\040\000A\000i\000m\000\040\0001}{section.3}% 17
\BOOKMARK [1][-]{section.4}{\376\377\000A\000i\000m\000\040\0002\000\040\000T\000i\000t\000l\000e}{}% 18
\BOOKMARK [2][-]{subsection.4.1}{\376\377\000I\000n\000t\000r\000o\000d\000u\000c\000t\000i\000o\000n\000\040\000t\000o\000\040\000A\000i\000m\000\040\0002}{section.4}% 19
\BOOKMARK [2][-]{subsection.4.2}{\376\377\000B\000a\000c\000k\000g\000r\000o\000u\000n\000d\000\040\000t\000o\000\040\000A\000i\000m\000\040\0002}{section.4}% 20
\BOOKMARK [2][-]{subsection.4.3}{\376\377\000M\000e\000t\000h\000o\000d\000s}{section.4}% 21
\BOOKMARK [3][-]{subsubsection.4.3.1}{\376\377\000S\000o\000m\000e\000\040\000c\000r\000u\000c\000i\000a\000l\000\040\000d\000e\000t\000a\000i\000l\000s\000\040\000a\000b\000o\000u\000t\000\040\000t\000h\000e\000\040\000m\000e\000t\000h\000o\000d}{subsection.4.3}% 22
\BOOKMARK [3][-]{subsubsection.4.3.2}{\376\377\000C\000o\000n\000c\000e\000p\000t\000u\000a\000l\000\040\000m\000o\000d\000e\000l\000,\000\040\000r\000e\000s\000e\000a\000r\000c\000h\000\040\000q\000u\000e\000s\000t\000i\000o\000n\000s\000\040\000a\000n\000d\000\040\000h\000y\000p\000o\000t\000h\000e\000s\000e\000s}{subsection.4.3}% 23
\BOOKMARK [2][-]{subsection.4.4}{\376\377\000R\000e\000s\000u\000l\000t\000s\000\040\000o\000f\000\040\000A\000i\000m\000\040\0002}{section.4}% 24
\BOOKMARK [2][-]{subsection.4.5}{\376\377\000D\000i\000s\000c\000u\000s\000s\000i\000o\000n\000\040\000o\000f\000\040\000A\000i\000m\000\040\0002}{section.4}% 25
\BOOKMARK [2][-]{subsection.4.6}{\376\377\000C\000o\000n\000c\000l\000u\000s\000i\000o\000n\000\040\000o\000f\000\040\000A\000i\000m\000\040\0002}{section.4}% 26
\BOOKMARK [1][-]{section.5}{\376\377\000A\000i\000m\000\040\0003\000\040\000T\000i\000t\000l\000e}{}% 27
\BOOKMARK [2][-]{subsection.5.1}{\376\377\000I\000n\000t\000r\000o\000d\000u\000c\000t\000i\000o\000n\000\040\000t\000o\000\040\000A\000i\000m\000\040\0003}{section.5}% 28
\BOOKMARK [2][-]{subsection.5.2}{\376\377\000B\000a\000c\000k\000g\000r\000o\000u\000n\000d\000\040\000t\000o\000\040\000A\000i\000m\000\040\0003}{section.5}% 29
\BOOKMARK [2][-]{subsection.5.3}{\376\377\000M\000e\000t\000h\000o\000d\000s}{section.5}% 30
\BOOKMARK [3][-]{subsubsection.5.3.1}{\376\377\000S\000o\000m\000e\000\040\000c\000r\000u\000c\000i\000a\000l\000\040\000d\000e\000t\000a\000i\000l\000s\000\040\000a\000b\000o\000u\000t\000\040\000t\000h\000e\000\040\000m\000e\000t\000h\000o\000d}{subsection.5.3}% 31
\BOOKMARK [3][-]{subsubsection.5.3.2}{\376\377\000C\000o\000n\000c\000e\000p\000t\000u\000a\000l\000\040\000m\000o\000d\000e\000l\000,\000\040\000r\000e\000s\000e\000a\000r\000c\000h\000\040\000q\000u\000e\000s\000t\000i\000o\000n\000s\000\040\000a\000n\000d\000\040\000h\000y\000p\000o\000t\000h\000e\000s\000e\000s}{subsection.5.3}% 32
\BOOKMARK [2][-]{subsection.5.4}{\376\377\000R\000e\000s\000u\000l\000t\000s\000\040\000o\000f\000\040\000A\000i\000m\000\040\0003}{section.5}% 33
\BOOKMARK [2][-]{subsection.5.5}{\376\377\000D\000i\000s\000c\000u\000s\000s\000i\000o\000n\000\040\000o\000f\000\040\000A\000i\000m\000\040\0003}{section.5}% 34
\BOOKMARK [2][-]{subsection.5.6}{\376\377\000C\000o\000n\000c\000l\000u\000s\000i\000o\000n\000\040\000o\000f\000\040\000A\000i\000m\000\040\0003}{section.5}% 35
\BOOKMARK [1][-]{section.6}{\376\377\000D\000i\000s\000c\000u\000s\000s\000i\000o\000n}{}% 36
\BOOKMARK [2][-]{subsection.6.1}{\376\377\000A\000\040\000s\000u\000b\000h\000e\000a\000d\000i\000n\000g}{section.6}% 37
\BOOKMARK [1][-]{section.7}{\376\377\000C\000o\000n\000c\000l\000u\000s\000i\000o\000n}{}% 38
\BOOKMARK [2][-]{subsection.7.1}{\376\377\000A\000\040\000s\000u\000b\000h\000e\000a\000d\000i\000n\000g}{section.7}% 39
\BOOKMARK [1][-]{section.8}{\376\377\000R\000e\000f\000e\000r\000e\000n\000c\000e\000s}{}% 40
\BOOKMARK [1][-]{section.9}{\376\377\000A\000p\000p\000e\000n\000d\000i\000x}{}% 41
